<?xml version="1.0" encoding="UTF-8"?>
<!-- Generated by org.testng.reporters.JUnitReportReporter -->
<testsuite hostname="LIN76001689" failures="0" tests="1" name="com.tests.GetIdFromResponse" time="4.770" errors="0" timestamp="2023-10-28T10:15:10 IST" skipped="0">
  <testcase classname="com.tests.GetIdFromResponse" name="getIdFromResponse" time="4.770"/>
  <system-out/>
</testsuite> <!-- com.tests.GetIdFromResponse -->
