<?xml version="1.0" encoding="UTF-8"?>
<!-- Generated by org.testng.reporters.JUnitReportReporter -->
<testsuite hostname="LIN76001689" failures="0" tests="4" name="com.tests.Log" time="5.477" errors="0" timestamp="2023-11-02T12:23:19 IST" skipped="0">
  <testcase classname="com.tests.Log" name="logheader" time="0.704"/>
  <system-out/>
  <testcase classname="com.tests.Log" name="logall" time="4.367"/>
  <system-out/>
  <testcase classname="com.tests.Log" name="logcookies" time="0.177"/>
  <system-out/>
  <testcase classname="com.tests.Log" name="logbody" time="0.229"/>
  <system-out/>
</testsuite> <!-- com.tests.Log -->
