<?xml version="1.0" encoding="UTF-8"?>
<!-- Generated by org.testng.reporters.JUnitReportReporter -->
<testsuite hostname="LIN76001689" failures="0" tests="3" name="com.tests.VerificationOfResponse" time="4.016" errors="0" timestamp="2023-10-26T17:48:39 IST" skipped="0">
  <testcase classname="com.tests.VerificationOfResponse" name="verifyStatusCode" time="0.077"/>
  <system-out/>
  <testcase classname="com.tests.VerificationOfResponse" name="verifyBodyOfTheResponse" time="1.842"/>
  <system-out/>
  <testcase classname="com.tests.VerificationOfResponse" name="staticallyImport" time="2.097"/>
  <system-out/>
</testsuite> <!-- com.tests.VerificationOfResponse -->
