<?xml version="1.0" encoding="UTF-8"?>
<!-- Generated by org.testng.reporters.JUnitReportReporter -->
<testsuite hostname="LIN76001689" failures="0" tests="1" name="com.tests.PutRequest" time="2.962" errors="0" timestamp="2023-10-26T10:14:32 IST" skipped="0">
  <testcase classname="com.tests.PutRequest" name="putRequest" time="2.962"/>
  <system-out/>
</testsuite> <!-- com.tests.PutRequest -->
