<?xml version="1.0" encoding="UTF-8"?>
<!-- Generated by org.testng.reporters.JUnitReportReporter -->
<testsuite hostname="LIN76001689" failures="0" tests="3" name="com.tests.StaticallyImportMethods" time="4.852" errors="0" timestamp="2023-10-25T14:15:10 IST" skipped="0">
  <testcase classname="com.tests.StaticallyImportMethods" name="verifyBodyOfTheResponse" time="1.815"/>
  <system-out/>
  <testcase classname="com.tests.StaticallyImportMethods" name="verifyStatusCode" time="0.068"/>
  <system-out/>
  <testcase classname="com.tests.StaticallyImportMethods" name="staticallyImport" time="2.969"/>
  <system-out/>
</testsuite> <!-- com.tests.StaticallyImportMethods -->
