<?xml version="1.0" encoding="UTF-8"?>
<!-- Generated by org.testng.reporters.JUnitReportReporter -->
<testsuite hostname="LIN76001689" failures="0" tests="5" name="com.tests.PostRequest" time="2.056" errors="0" timestamp="2023-10-31T11:05:15 IST" skipped="4">
  <testcase classname="com.tests.PostRequest" name="usingExternalFile" time="2.056"/>
  <system-out/>
  <testcase classname="com.tests.PostRequest" name="withoutUsingmap">
    <skipped/>
  </testcase> <!-- withoutUsingmap -->
  <system-out/>
  <testcase classname="com.tests.PostRequest" name="PostRequestUsingMap">
    <skipped/>
  </testcase> <!-- PostRequestUsingMap -->
  <system-out/>
  <testcase classname="com.tests.PostRequest" name="usingPojoClass">
    <skipped/>
  </testcase> <!-- usingPojoClass -->
  <system-out/>
  <testcase classname="com.tests.PostRequest" name="withoutJsonObject">
    <skipped/>
  </testcase> <!-- withoutJsonObject -->
  <system-out/>
</testsuite> <!-- com.tests.PostRequest -->
