<?xml version="1.0" encoding="UTF-8"?>
<!-- Generated by org.testng.reporters.JUnitReportReporter -->
<testsuite hostname="LIN76001689" failures="0" tests="1" name="com.tests.PathAndQueryParams" time="3.930" errors="0" timestamp="2023-11-01T06:58:58 IST" skipped="0">
  <testcase classname="com.tests.PathAndQueryParams" name="pathAndQueryParm" time="3.930"/>
  <system-out/>
</testsuite> <!-- com.tests.PathAndQueryParams -->
