<?xml version="1.0" encoding="UTF-8"?>
<!-- Generated by org.testng.reporters.JUnitReportReporter -->
<testsuite hostname="LIN76001689" failures="0" tests="1" name="com.tests.JsonSchemaValidator" time="3.794" errors="0" timestamp="2023-10-26T17:51:34 IST" skipped="0">
  <testcase classname="com.tests.JsonSchemaValidator" name="jsonSchemaValidator" time="3.794"/>
  <system-out/>
</testsuite> <!-- com.tests.JsonSchemaValidator -->
