<?xml version="1.0" encoding="UTF-8"?>
<!-- Generated by org.testng.reporters.JUnitReportReporter -->
<testsuite hostname="LIN76001689" failures="0" tests="2" name="com.tests.Cookies" time="4.202" errors="0" timestamp="2023-11-02T09:35:55 IST" skipped="0">
  <testcase classname="com.tests.Cookies" name="getKeyOfCookies" time="3.486"/>
  <system-out/>
  <testcase classname="com.tests.Cookies" name="getValuesOfCookies" time="0.716"/>
  <system-out/>
</testsuite> <!-- com.tests.Cookies -->
