<?xml version="1.0" encoding="UTF-8"?>
<!-- Generated by org.testng.reporters.JUnitReportReporter -->
<testsuite hostname="LIN76001689" failures="0" tests="1" name="com.tests.RestAssuredPractice" time="3.127" errors="0" timestamp="2023-10-19T13:57:06 IST" skipped="0">
  <testcase classname="com.tests.RestAssuredPractice" name="getRequest" time="3.127"/>
  <system-out/>
</testsuite> <!-- com.tests.RestAssuredPractice -->
