<?xml version="1.0" encoding="UTF-8"?>
<!-- Generated by org.testng.reporters.JUnitReportReporter -->
<testsuite hostname="LIN76001689" failures="0" tests="2" name="com.tests.Headers" time="5.440" errors="0" timestamp="2023-11-02T10:48:32 IST" skipped="0">
  <testcase classname="com.tests.Headers" name="headersWithNameAndValue" time="4.312"/>
  <system-out/>
  <testcase classname="com.tests.Headers" name="singleheader" time="1.128"/>
  <system-out/>
</testsuite> <!-- com.tests.Headers -->
