<?xml version="1.0" encoding="UTF-8"?>
<!-- Generated by org.testng.reporters.JUnitReportReporter -->
<testsuite hostname="LIN76001689" failures="0" tests="1" name="com.tests.PatchRequest" time="3.008" errors="0" timestamp="2023-10-26T10:47:11 IST" skipped="0">
  <testcase classname="com.tests.PatchRequest" name="patchRequest" time="3.008"/>
  <system-out/>
</testsuite> <!-- com.tests.PatchRequest -->
