<?xml version="1.0" encoding="UTF-8"?>
<!-- Generated by org.testng.reporters.JUnitReportReporter -->
<testsuite hostname="LIN76001689" failures="0" tests="3" name="com.tests.ParsingXMLResponse" time="6.753" errors="0" timestamp="2023-11-16T16:16:22 IST" skipped="0">
  <testcase classname="com.tests.ParsingXMLResponse" name="xmlResponse_Aproach_3" time="0.574"/>
  <system-out/>
  <testcase classname="com.tests.ParsingXMLResponse" name="xmlResponse_Aproach_2" time="0.480"/>
  <system-out/>
  <testcase classname="com.tests.ParsingXMLResponse" name="xmlResponse_Aproach_1" time="5.699"/>
  <system-out/>
</testsuite> <!-- com.tests.ParsingXMLResponse -->
