<?xml version="1.0" encoding="UTF-8"?>
<!-- Generated by org.testng.reporters.JUnitReportReporter -->
<testsuite hostname="LIN76001689" failures="0" tests="1" name="com.tests.DeleteRequest" time="2.784" errors="0" timestamp="2023-10-26T10:52:07 IST" skipped="0">
  <testcase classname="com.tests.DeleteRequest" name="deleteRequest" time="2.784"/>
  <system-out/>
</testsuite> <!-- com.tests.DeleteRequest -->
